\BOOKMARK [1][-]{section.1}{Introduction\040and\040Design\040Philosophy}{}% 1
\BOOKMARK [1][-]{section.2}{Main\040Modules\040Elaboration}{}% 2
\BOOKMARK [2][-]{subsection.2.1}{Stage\040Modules}{section.2}% 3
\BOOKMARK [3][-]{subsubsection.2.1.1}{Instruction\040Fetch}{subsection.2.1}% 4
\BOOKMARK [3][-]{subsubsection.2.1.2}{Instruction\040Decode}{subsection.2.1}% 5
\BOOKMARK [3][-]{subsubsection.2.1.3}{Execution}{subsection.2.1}% 6
\BOOKMARK [3][-]{subsubsection.2.1.4}{Memory\040Access}{subsection.2.1}% 7
\BOOKMARK [3][-]{subsubsection.2.1.5}{Write\040Back}{subsection.2.1}% 8
\BOOKMARK [2][-]{subsection.2.2}{Stage\040Sandwich\040Modules}{section.2}% 9
\BOOKMARK [2][-]{subsection.2.3}{Control\040Modules}{section.2}% 10
\BOOKMARK [3][-]{subsubsection.2.3.1}{Forwarding}{subsection.2.3}% 11
\BOOKMARK [3][-]{subsubsection.2.3.2}{Hazard\040Control}{subsection.2.3}% 12
\BOOKMARK [3][-]{subsubsection.2.3.3}{Branch\040Control}{subsection.2.3}% 13
\BOOKMARK [2][-]{subsection.2.4}{Register\040File}{section.2}% 14
\BOOKMARK [1][-]{section.3}{Test\040Summary}{}% 15
\BOOKMARK [1][-]{section.4}{Further\040Enhancement}{}% 16
\BOOKMARK [1][-]{section*.2}{References}{}% 17
\BOOKMARK [1][-]{section*.3}{Appendices}{}% 18
\BOOKMARK [1][-]{Appendix.a.A}{Appendix\040Instruction\040Summary}{}% 19
\BOOKMARK [1][-]{Appendix.a.B}{Appendix\040Pipeline\040Blueprint}{}% 20
