mktextfm Type1
mktextfm Type1
mktextfm Type1
mktextfm Type1/BI
mktextfm Type1
mktextfm Type1/B
mktextfm Type1
mktextfm Type1/I
mktextfm Type1
mktextfm Type1
mktextfm fourier
mktextfm fourier
mktextfm fourier
mktextfm fourier/BI
mktextfm fourier
mktextfm fourier/B
mktextfm fourier
mktextfm fourier/I
mktextfm fourier
mktextfm fourier
mktextfm futs
mktextfm futs
mktextfm futs
mktextfm futs/BI
mktextfm futs
mktextfm futs/B
mktextfm futs
mktextfm futs/I
mktextfm futs
mktextfm futs
mktextfm Utopia
mktextfm Utopia
mktextfm Utopia
mktextfm Utopia/BI
mktextfm Utopia
mktextfm Utopia/B
mktextfm Utopia
mktextfm Utopia/I
mktextfm Utopia
mktextfm Utopia
mktextfm Utopia
mktextfm Utopia
mktextfm Utopia
mktextfm Utopia/BI
mktextfm Utopia
mktextfm Utopia/B
mktextfm Utopia
mktextfm Utopia/I
mktextfm Utopia
mktextfm Utopia
mktextfm utopia
mktextfm utopia
mktextfm utopia
mktextfm utopia/BI
mktextfm utopia
mktextfm utopia/B
mktextfm utopia
mktextfm utopia/I
mktextfm utopia
mktextfm utopia
mktextfm putr8a/BI
mktextfm putr8a/B
mktextfm putr8a/I
mktextfm putr8a/B
mktextfm putr8a/B
mktextfm putr8a/I
mktextfm putr8a/I
mktextfm putr8a/BI
mktextfm putr8a/BI
mktextfm putr8a/BI
mktextfm putr8a/B
mktextfm putr8a/I
mktextfm putr8a/B
mktextfm putr8a/B
mktextfm putr8a/I
mktextfm putr8a/I
mktextfm putr8a/BI
mktextfm putr8a/BI
